2020-03-27 08:26:31 - Starting TaskListApplication on WIN-0O95Q71LTV2 with PID 17164 (C:\Users\user\Desktop\task-list\target\classes started by user in C:\Users\user\Desktop\task-list)
2020-03-27 08:26:31 - No active profile set, falling back to default profiles: default
2020-03-27 08:26:32 - Bootstrapping Spring Data MongoDB repositories in DEFAULT mode.
2020-03-27 08:26:32 - Finished Spring Data repository scanning in 135ms. Found 1 MongoDB repository interfaces.
2020-03-27 08:26:33 - Tomcat initialized with port(s): 8081 (http)
2020-03-27 08:26:33 - Starting service [Tomcat]
2020-03-27 08:26:33 - Starting Servlet engine: [Apache Tomcat/9.0.31]
2020-03-27 08:26:33 - Initializing Spring embedded WebApplicationContext
2020-03-27 08:26:33 - Root WebApplicationContext: initialization completed in 1925 ms
2020-03-27 08:26:33 - Cluster created with settings {hosts=[localhost:27017], mode=MULTIPLE, requiredClusterType=UNKNOWN, serverSelectionTimeout='30000 ms', maxWaitQueueSize=500}
2020-03-27 08:26:33 - Adding discovered server localhost:27017 to client view of cluster
2020-03-27 08:26:33 - Opened connection [connectionId{localValue:1, serverValue:4006}] to localhost:27017
2020-03-27 08:26:33 - Monitor thread successfully connected to server with description ServerDescription{address=localhost:27017, type=STANDALONE, state=CONNECTED, ok=true, version=ServerVersion{versionList=[4, 2, 3]}, minWireVersion=0, maxWireVersion=8, maxDocumentSize=16777216, logicalSessionTimeoutMinutes=30, roundTripTimeNanos=3590300}
2020-03-27 08:26:33 - Discovered cluster type of STANDALONE
2020-03-27 08:26:34 - Initializing ExecutorService 'applicationTaskExecutor'
2020-03-27 08:26:34 - Creating filter chain: any request, [org.springframework.security.web.context.request.async.WebAsyncManagerIntegrationFilter@6c07ad6b, org.springframework.security.web.context.SecurityContextPersistenceFilter@6af87130, org.springframework.security.web.header.HeaderWriterFilter@3344d163, org.springframework.security.web.authentication.logout.LogoutFilter@307cf964, org.springframework.security.web.authentication.UsernamePasswordAuthenticationFilter@2f8c4fae, org.springframework.security.web.savedrequest.RequestCacheAwareFilter@72c4a3aa, org.springframework.security.web.servletapi.SecurityContextHolderAwareRequestFilter@16e1219f, org.springframework.security.web.authentication.AnonymousAuthenticationFilter@10ed037a, org.springframework.security.web.session.SessionManagementFilter@289f15e9, org.springframework.security.web.access.ExceptionTranslationFilter@463045fb, org.springframework.security.web.access.intercept.FilterSecurityInterceptor@79cb8ffa]
2020-03-27 08:26:34 - Tomcat started on port(s): 8081 (http) with context path ''
2020-03-27 08:26:34 - Started TaskListApplication in 3.913 seconds (JVM running for 5.382)
2020-03-27 08:27:16 - Initializing Spring DispatcherServlet 'dispatcherServlet'
2020-03-27 08:27:16 - Initializing Servlet 'dispatcherServlet'
2020-03-27 08:27:16 - Completed initialization in 14 ms
2020-03-27 08:27:46 - Opened connection [connectionId{localValue:2, serverValue:4010}] to localhost:27017
2020-03-27 08:27:47 - Creation of SecureRandom instance for session ID generation using [SHA1PRNG] took [572] milliseconds.
2020-03-27 08:30:21 - Starting TaskListApplication on WIN-0O95Q71LTV2 with PID 12372 (C:\Users\user\Desktop\task-list\target\classes started by user in C:\Users\user\Desktop\task-list)
2020-03-27 08:30:21 - No active profile set, falling back to default profiles: default
2020-03-27 08:30:22 - Bootstrapping Spring Data MongoDB repositories in DEFAULT mode.
2020-03-27 08:30:22 - Finished Spring Data repository scanning in 83ms. Found 1 MongoDB repository interfaces.
2020-03-27 08:30:22 - Tomcat initialized with port(s): 8081 (http)
2020-03-27 08:30:22 - Starting service [Tomcat]
2020-03-27 08:30:22 - Starting Servlet engine: [Apache Tomcat/9.0.31]
2020-03-27 08:30:22 - Initializing Spring embedded WebApplicationContext
2020-03-27 08:30:22 - Root WebApplicationContext: initialization completed in 1503 ms
2020-03-27 08:30:23 - Cluster created with settings {hosts=[localhost:27017], mode=MULTIPLE, requiredClusterType=UNKNOWN, serverSelectionTimeout='30000 ms', maxWaitQueueSize=500}
2020-03-27 08:30:23 - Adding discovered server localhost:27017 to client view of cluster
2020-03-27 08:30:23 - Opened connection [connectionId{localValue:1, serverValue:4016}] to localhost:27017
2020-03-27 08:30:23 - Monitor thread successfully connected to server with description ServerDescription{address=localhost:27017, type=STANDALONE, state=CONNECTED, ok=true, version=ServerVersion{versionList=[4, 2, 3]}, minWireVersion=0, maxWireVersion=8, maxDocumentSize=16777216, logicalSessionTimeoutMinutes=30, roundTripTimeNanos=4530600}
2020-03-27 08:30:23 - Discovered cluster type of STANDALONE
2020-03-27 08:30:23 - Initializing ExecutorService 'applicationTaskExecutor'
2020-03-27 08:30:24 - Creating filter chain: any request, [org.springframework.security.web.context.request.async.WebAsyncManagerIntegrationFilter@191ec193, org.springframework.security.web.context.SecurityContextPersistenceFilter@115c946b, org.springframework.security.web.header.HeaderWriterFilter@61da0413, org.springframework.security.web.authentication.logout.LogoutFilter@e3899fd, org.springframework.security.web.authentication.UsernamePasswordAuthenticationFilter@307cf964, org.springframework.security.web.savedrequest.RequestCacheAwareFilter@54f6b629, org.springframework.security.web.servletapi.SecurityContextHolderAwareRequestFilter@27f71195, org.springframework.security.web.authentication.AnonymousAuthenticationFilter@6321a5aa, org.springframework.security.web.session.SessionManagementFilter@4d4c1ba9, org.springframework.security.web.access.ExceptionTranslationFilter@21274afe, org.springframework.security.web.access.intercept.FilterSecurityInterceptor@242ff747]
2020-03-27 08:30:24 - Tomcat started on port(s): 8081 (http) with context path ''
2020-03-27 08:30:24 - Started TaskListApplication in 3.374 seconds (JVM running for 5.041)
2020-03-27 08:30:36 - Initializing Spring DispatcherServlet 'dispatcherServlet'
2020-03-27 08:30:36 - Initializing Servlet 'dispatcherServlet'
2020-03-27 08:30:36 - Completed initialization in 10 ms
2020-03-27 08:30:42 - Opened connection [connectionId{localValue:2, serverValue:4017}] to localhost:27017
2020-03-27 08:30:58 - Creation of SecureRandom instance for session ID generation using [SHA1PRNG] took [584] milliseconds.
2020-03-27 08:32:38 - Starting TaskListApplication on WIN-0O95Q71LTV2 with PID 7100 (C:\Users\user\Desktop\task-list\target\classes started by user in C:\Users\user\Desktop\task-list)
2020-03-27 08:32:38 - No active profile set, falling back to default profiles: default
2020-03-27 08:32:39 - Bootstrapping Spring Data MongoDB repositories in DEFAULT mode.
2020-03-27 08:32:39 - Finished Spring Data repository scanning in 88ms. Found 1 MongoDB repository interfaces.
2020-03-27 08:32:39 - Tomcat initialized with port(s): 8081 (http)
2020-03-27 08:32:39 - Starting service [Tomcat]
2020-03-27 08:32:39 - Starting Servlet engine: [Apache Tomcat/9.0.31]
2020-03-27 08:32:39 - Initializing Spring embedded WebApplicationContext
2020-03-27 08:32:39 - Root WebApplicationContext: initialization completed in 1522 ms
2020-03-27 08:32:40 - Cluster created with settings {hosts=[localhost:27017], mode=MULTIPLE, requiredClusterType=UNKNOWN, serverSelectionTimeout='30000 ms', maxWaitQueueSize=500}
2020-03-27 08:32:40 - Adding discovered server localhost:27017 to client view of cluster
2020-03-27 08:32:40 - Opened connection [connectionId{localValue:1, serverValue:4022}] to localhost:27017
2020-03-27 08:32:40 - Monitor thread successfully connected to server with description ServerDescription{address=localhost:27017, type=STANDALONE, state=CONNECTED, ok=true, version=ServerVersion{versionList=[4, 2, 3]}, minWireVersion=0, maxWireVersion=8, maxDocumentSize=16777216, logicalSessionTimeoutMinutes=30, roundTripTimeNanos=3091900}
2020-03-27 08:32:40 - Discovered cluster type of STANDALONE
2020-03-27 08:32:40 - Initializing ExecutorService 'applicationTaskExecutor'
2020-03-27 08:32:41 - Creating filter chain: any request, [org.springframework.security.web.context.request.async.WebAsyncManagerIntegrationFilter@71c0b742, org.springframework.security.web.context.SecurityContextPersistenceFilter@87f501f, org.springframework.security.web.header.HeaderWriterFilter@3de79067, org.springframework.security.web.authentication.logout.LogoutFilter@3711c71c, org.springframework.security.web.authentication.UsernamePasswordAuthenticationFilter@149aa7b2, org.springframework.security.web.savedrequest.RequestCacheAwareFilter@67c6f4d8, org.springframework.security.web.servletapi.SecurityContextHolderAwareRequestFilter@1e56bc9b, org.springframework.security.web.authentication.AnonymousAuthenticationFilter@3bbb8c16, org.springframework.security.web.session.SessionManagementFilter@ca7e37f, org.springframework.security.web.access.ExceptionTranslationFilter@9b367c8, org.springframework.security.web.access.intercept.FilterSecurityInterceptor@11e71181]
2020-03-27 08:32:41 - Tomcat started on port(s): 8081 (http) with context path ''
2020-03-27 08:32:41 - Started TaskListApplication in 3.401 seconds (JVM running for 4.97)
2020-03-27 08:33:06 - Initializing Spring DispatcherServlet 'dispatcherServlet'
2020-03-27 08:33:06 - Initializing Servlet 'dispatcherServlet'
2020-03-27 08:33:06 - Completed initialization in 9 ms
2020-03-27 08:33:12 - Opened connection [connectionId{localValue:2, serverValue:4028}] to localhost:27017
2020-03-27 08:33:12 - New user registrated
2020-03-27 08:33:17 - Creation of SecureRandom instance for session ID generation using [SHA1PRNG] took [605] milliseconds.
2020-03-27 08:34:17 - Starting TaskListApplication on WIN-0O95Q71LTV2 with PID 7376 (C:\Users\user\Desktop\task-list\target\classes started by user in C:\Users\user\Desktop\task-list)
2020-03-27 08:34:17 - No active profile set, falling back to default profiles: default
2020-03-27 08:34:17 - Bootstrapping Spring Data MongoDB repositories in DEFAULT mode.
2020-03-27 08:34:17 - Finished Spring Data repository scanning in 85ms. Found 1 MongoDB repository interfaces.
2020-03-27 08:34:18 - Tomcat initialized with port(s): 8081 (http)
2020-03-27 08:34:18 - Starting service [Tomcat]
2020-03-27 08:34:18 - Starting Servlet engine: [Apache Tomcat/9.0.31]
2020-03-27 08:34:18 - Initializing Spring embedded WebApplicationContext
2020-03-27 08:34:18 - Root WebApplicationContext: initialization completed in 1560 ms
2020-03-27 08:34:19 - Cluster created with settings {hosts=[localhost:27017], mode=MULTIPLE, requiredClusterType=UNKNOWN, serverSelectionTimeout='30000 ms', maxWaitQueueSize=500}
2020-03-27 08:34:19 - Adding discovered server localhost:27017 to client view of cluster
2020-03-27 08:34:19 - Opened connection [connectionId{localValue:1, serverValue:4031}] to localhost:27017
2020-03-27 08:34:19 - Monitor thread successfully connected to server with description ServerDescription{address=localhost:27017, type=STANDALONE, state=CONNECTED, ok=true, version=ServerVersion{versionList=[4, 2, 3]}, minWireVersion=0, maxWireVersion=8, maxDocumentSize=16777216, logicalSessionTimeoutMinutes=30, roundTripTimeNanos=3231100}
2020-03-27 08:34:19 - Discovered cluster type of STANDALONE
2020-03-27 08:34:19 - Initializing ExecutorService 'applicationTaskExecutor'
2020-03-27 08:34:20 - Creating filter chain: any request, [org.springframework.security.web.context.request.async.WebAsyncManagerIntegrationFilter@6ce26986, org.springframework.security.web.context.SecurityContextPersistenceFilter@578c3fd9, org.springframework.security.web.header.HeaderWriterFilter@47187f50, org.springframework.security.web.authentication.logout.LogoutFilter@482f7af0, org.springframework.security.web.authentication.UsernamePasswordAuthenticationFilter@5520f675, org.springframework.security.web.savedrequest.RequestCacheAwareFilter@26b3c9a2, org.springframework.security.web.servletapi.SecurityContextHolderAwareRequestFilter@19a5b637, org.springframework.security.web.authentication.AnonymousAuthenticationFilter@2bf2d6eb, org.springframework.security.web.session.SessionManagementFilter@712e787e, org.springframework.security.web.access.ExceptionTranslationFilter@788e3702, org.springframework.security.web.access.intercept.FilterSecurityInterceptor@9b2dc56]
2020-03-27 08:34:20 - Tomcat started on port(s): 8081 (http) with context path ''
2020-03-27 08:34:20 - Started TaskListApplication in 3.625 seconds (JVM running for 5.109)
2020-03-27 09:04:21 - Starting TaskListApplication on WIN-0O95Q71LTV2 with PID 16672 (C:\Users\user\Desktop\task-list\target\classes started by user in C:\Users\user\Desktop\task-list)
2020-03-27 09:04:21 - No active profile set, falling back to default profiles: default
2020-03-27 09:04:22 - Bootstrapping Spring Data MongoDB repositories in DEFAULT mode.
2020-03-27 09:04:22 - Finished Spring Data repository scanning in 85ms. Found 1 MongoDB repository interfaces.
2020-03-27 09:04:22 - Tomcat initialized with port(s): 8081 (http)
2020-03-27 09:04:22 - Starting service [Tomcat]
2020-03-27 09:04:22 - Starting Servlet engine: [Apache Tomcat/9.0.31]
2020-03-27 09:04:23 - Initializing Spring embedded WebApplicationContext
2020-03-27 09:04:23 - Root WebApplicationContext: initialization completed in 1781 ms
2020-03-27 09:04:23 - Cluster created with settings {hosts=[localhost:27017], mode=MULTIPLE, requiredClusterType=UNKNOWN, serverSelectionTimeout='30000 ms', maxWaitQueueSize=500}
2020-03-27 09:04:23 - Adding discovered server localhost:27017 to client view of cluster
2020-03-27 09:04:23 - Opened connection [connectionId{localValue:1, serverValue:4091}] to localhost:27017
2020-03-27 09:04:23 - Monitor thread successfully connected to server with description ServerDescription{address=localhost:27017, type=STANDALONE, state=CONNECTED, ok=true, version=ServerVersion{versionList=[4, 2, 3]}, minWireVersion=0, maxWireVersion=8, maxDocumentSize=16777216, logicalSessionTimeoutMinutes=30, roundTripTimeNanos=3593800}
2020-03-27 09:04:23 - Discovered cluster type of STANDALONE
2020-03-27 09:04:24 - Initializing ExecutorService 'applicationTaskExecutor'
2020-03-27 09:04:24 - Creating filter chain: any request, [org.springframework.security.web.context.request.async.WebAsyncManagerIntegrationFilter@2bf2d6eb, org.springframework.security.web.context.SecurityContextPersistenceFilter@245cb8df, org.springframework.security.web.header.HeaderWriterFilter@78116659, org.springframework.security.web.authentication.logout.LogoutFilter@1edfedf1, org.springframework.security.web.authentication.UsernamePasswordAuthenticationFilter@2d237460, org.springframework.security.web.savedrequest.RequestCacheAwareFilter@241b971f, org.springframework.security.web.servletapi.SecurityContextHolderAwareRequestFilter@4f3c7808, org.springframework.security.web.authentication.AnonymousAuthenticationFilter@6d6cd1e0, org.springframework.security.web.session.SessionManagementFilter@53ea380b, org.springframework.security.web.access.ExceptionTranslationFilter@d25e878, org.springframework.security.web.access.intercept.FilterSecurityInterceptor@621f23ac]
2020-03-27 09:04:24 - Tomcat started on port(s): 8081 (http) with context path ''
2020-03-27 09:04:24 - Started TaskListApplication in 4.121 seconds (JVM running for 5.87)
2020-03-27 09:04:28 - Initializing Spring DispatcherServlet 'dispatcherServlet'
2020-03-27 09:04:28 - Initializing Servlet 'dispatcherServlet'
2020-03-27 09:04:28 - Completed initialization in 11 ms
2020-03-27 09:04:44 - Opened connection [connectionId{localValue:2, serverValue:4093}] to localhost:27017
2020-03-27 09:05:13 - Creation of SecureRandom instance for session ID generation using [SHA1PRNG] took [714] milliseconds.
2020-03-27 09:08:03 - Starting TaskListApplication on WIN-0O95Q71LTV2 with PID 8284 (C:\Users\user\Desktop\task-list\target\classes started by user in C:\Users\user\Desktop\task-list)
2020-03-27 09:08:03 - No active profile set, falling back to default profiles: default
2020-03-27 09:08:04 - Bootstrapping Spring Data MongoDB repositories in DEFAULT mode.
2020-03-27 09:08:04 - Finished Spring Data repository scanning in 77ms. Found 1 MongoDB repository interfaces.
2020-03-27 09:08:05 - Tomcat initialized with port(s): 8081 (http)
2020-03-27 09:08:05 - Starting service [Tomcat]
2020-03-27 09:08:05 - Starting Servlet engine: [Apache Tomcat/9.0.31]
2020-03-27 09:08:05 - Initializing Spring embedded WebApplicationContext
2020-03-27 09:08:05 - Root WebApplicationContext: initialization completed in 1532 ms
2020-03-27 09:08:05 - Cluster created with settings {hosts=[localhost:27017], mode=MULTIPLE, requiredClusterType=UNKNOWN, serverSelectionTimeout='30000 ms', maxWaitQueueSize=500}
2020-03-27 09:08:05 - Adding discovered server localhost:27017 to client view of cluster
2020-03-27 09:08:05 - Opened connection [connectionId{localValue:1, serverValue:4112}] to localhost:27017
2020-03-27 09:08:05 - Monitor thread successfully connected to server with description ServerDescription{address=localhost:27017, type=STANDALONE, state=CONNECTED, ok=true, version=ServerVersion{versionList=[4, 2, 3]}, minWireVersion=0, maxWireVersion=8, maxDocumentSize=16777216, logicalSessionTimeoutMinutes=30, roundTripTimeNanos=3732100}
2020-03-27 09:08:05 - Discovered cluster type of STANDALONE
2020-03-27 09:08:06 - Initializing ExecutorService 'applicationTaskExecutor'
2020-03-27 09:08:06 - Creating filter chain: any request, [org.springframework.security.web.context.request.async.WebAsyncManagerIntegrationFilter@1a2e563e, org.springframework.security.web.context.SecurityContextPersistenceFilter@2fde9469, org.springframework.security.web.header.HeaderWriterFilter@1e56bc9b, org.springframework.security.web.authentication.logout.LogoutFilter@b06d46d, org.springframework.security.web.authentication.UsernamePasswordAuthenticationFilter@19cdc217, org.springframework.security.web.savedrequest.RequestCacheAwareFilter@458031da, org.springframework.security.web.servletapi.SecurityContextHolderAwareRequestFilter@22a4ca4a, org.springframework.security.web.authentication.AnonymousAuthenticationFilter@5b066c33, org.springframework.security.web.session.SessionManagementFilter@403364e9, org.springframework.security.web.access.ExceptionTranslationFilter@4c4c7d6c, org.springframework.security.web.access.intercept.FilterSecurityInterceptor@65600fb3]
2020-03-27 09:08:06 - Tomcat started on port(s): 8081 (http) with context path ''
2020-03-27 09:08:06 - Started TaskListApplication in 3.452 seconds (JVM running for 4.954)
2020-03-27 09:08:31 - Initializing Spring DispatcherServlet 'dispatcherServlet'
2020-03-27 09:08:31 - Initializing Servlet 'dispatcherServlet'
2020-03-27 09:08:31 - Completed initialization in 12 ms
2020-03-27 09:08:32 - Opened connection [connectionId{localValue:2, serverValue:4114}] to localhost:27017
2020-03-27 09:08:32 - Creation of SecureRandom instance for session ID generation using [SHA1PRNG] took [544] milliseconds.
2020-03-27 09:11:11 - Starting TaskListApplication on WIN-0O95Q71LTV2 with PID 17008 (C:\Users\user\Desktop\task-list\target\classes started by user in C:\Users\user\Desktop\task-list)
2020-03-27 09:11:11 - No active profile set, falling back to default profiles: default
2020-03-27 09:11:12 - Bootstrapping Spring Data MongoDB repositories in DEFAULT mode.
2020-03-27 09:11:12 - Finished Spring Data repository scanning in 61ms. Found 1 MongoDB repository interfaces.
2020-03-27 09:11:12 - Tomcat initialized with port(s): 8081 (http)
2020-03-27 09:11:12 - Starting service [Tomcat]
2020-03-27 09:11:12 - Starting Servlet engine: [Apache Tomcat/9.0.31]
2020-03-27 09:11:12 - Initializing Spring embedded WebApplicationContext
2020-03-27 09:11:12 - Root WebApplicationContext: initialization completed in 1630 ms
2020-03-27 09:11:13 - Cluster created with settings {hosts=[localhost:27017], mode=MULTIPLE, requiredClusterType=UNKNOWN, serverSelectionTimeout='30000 ms', maxWaitQueueSize=500}
2020-03-27 09:11:13 - Adding discovered server localhost:27017 to client view of cluster
2020-03-27 09:11:13 - Opened connection [connectionId{localValue:1, serverValue:4120}] to localhost:27017
2020-03-27 09:11:13 - Monitor thread successfully connected to server with description ServerDescription{address=localhost:27017, type=STANDALONE, state=CONNECTED, ok=true, version=ServerVersion{versionList=[4, 2, 3]}, minWireVersion=0, maxWireVersion=8, maxDocumentSize=16777216, logicalSessionTimeoutMinutes=30, roundTripTimeNanos=3550300}
2020-03-27 09:11:13 - Discovered cluster type of STANDALONE
2020-03-27 09:11:13 - Initializing ExecutorService 'applicationTaskExecutor'
2020-03-27 09:11:14 - Creating filter chain: any request, [org.springframework.security.web.context.request.async.WebAsyncManagerIntegrationFilter@307cf964, org.springframework.security.web.context.SecurityContextPersistenceFilter@106c988, org.springframework.security.web.header.HeaderWriterFilter@7ea42c82, org.springframework.security.web.authentication.logout.LogoutFilter@3f048c86, org.springframework.security.web.authentication.UsernamePasswordAuthenticationFilter@4409cae6, org.springframework.security.web.savedrequest.RequestCacheAwareFilter@76a362a4, org.springframework.security.web.servletapi.SecurityContextHolderAwareRequestFilter@147cc940, org.springframework.security.web.authentication.AnonymousAuthenticationFilter@374ccb9, org.springframework.security.web.session.SessionManagementFilter@ceb7701, org.springframework.security.web.access.ExceptionTranslationFilter@7364f68, org.springframework.security.web.access.intercept.FilterSecurityInterceptor@5175d9ad]
2020-03-27 09:11:14 - Tomcat started on port(s): 8081 (http) with context path ''
2020-03-27 09:11:14 - Started TaskListApplication in 3.523 seconds (JVM running for 5.081)
2020-03-27 09:12:28 - Initializing Spring DispatcherServlet 'dispatcherServlet'
2020-03-27 09:12:28 - Initializing Servlet 'dispatcherServlet'
2020-03-27 09:12:28 - Completed initialization in 11 ms
2020-03-27 09:12:45 - Opened connection [connectionId{localValue:2, serverValue:4124}] to localhost:27017
2020-03-27 09:13:30 - Starting TaskListApplication on WIN-0O95Q71LTV2 with PID 5240 (C:\Users\user\Desktop\task-list\target\classes started by user in C:\Users\user\Desktop\task-list)
2020-03-27 09:13:30 - No active profile set, falling back to default profiles: default
2020-03-27 09:13:30 - Bootstrapping Spring Data MongoDB repositories in DEFAULT mode.
2020-03-27 09:13:31 - Finished Spring Data repository scanning in 147ms. Found 1 MongoDB repository interfaces.
2020-03-27 09:13:31 - Tomcat initialized with port(s): 8081 (http)
2020-03-27 09:13:31 - Starting service [Tomcat]
2020-03-27 09:13:31 - Starting Servlet engine: [Apache Tomcat/9.0.31]
2020-03-27 09:13:32 - Initializing Spring embedded WebApplicationContext
2020-03-27 09:13:32 - Root WebApplicationContext: initialization completed in 1763 ms
2020-03-27 09:13:32 - Cluster created with settings {hosts=[localhost:27017], mode=MULTIPLE, requiredClusterType=UNKNOWN, serverSelectionTimeout='30000 ms', maxWaitQueueSize=500}
2020-03-27 09:13:32 - Adding discovered server localhost:27017 to client view of cluster
2020-03-27 09:13:32 - Opened connection [connectionId{localValue:1, serverValue:4126}] to localhost:27017
2020-03-27 09:13:32 - Monitor thread successfully connected to server with description ServerDescription{address=localhost:27017, type=STANDALONE, state=CONNECTED, ok=true, version=ServerVersion{versionList=[4, 2, 3]}, minWireVersion=0, maxWireVersion=8, maxDocumentSize=16777216, logicalSessionTimeoutMinutes=30, roundTripTimeNanos=4557800}
2020-03-27 09:13:32 - Discovered cluster type of STANDALONE
2020-03-27 09:13:32 - Initializing ExecutorService 'applicationTaskExecutor'
2020-03-27 09:13:33 - Creating filter chain: any request, [org.springframework.security.web.context.request.async.WebAsyncManagerIntegrationFilter@7d50f2a8, org.springframework.security.web.context.SecurityContextPersistenceFilter@5627cb29, org.springframework.security.web.header.HeaderWriterFilter@106c988, org.springframework.security.web.authentication.logout.LogoutFilter@6562cc23, org.springframework.security.web.authentication.UsernamePasswordAuthenticationFilter@597d48ca, org.springframework.security.web.savedrequest.RequestCacheAwareFilter@2017f6e6, org.springframework.security.web.servletapi.SecurityContextHolderAwareRequestFilter@23e61112, org.springframework.security.web.authentication.AnonymousAuthenticationFilter@5864e8bf, org.springframework.security.web.session.SessionManagementFilter@76a362a4, org.springframework.security.web.access.ExceptionTranslationFilter@ceb7701, org.springframework.security.web.access.intercept.FilterSecurityInterceptor@7911cc15]
2020-03-27 09:13:33 - Tomcat started on port(s): 8081 (http) with context path ''
2020-03-27 09:13:33 - Started TaskListApplication in 3.539 seconds (JVM running for 5.131)
2020-03-27 09:13:50 - Initializing Spring DispatcherServlet 'dispatcherServlet'
2020-03-27 09:13:50 - Initializing Servlet 'dispatcherServlet'
2020-03-27 09:13:50 - Completed initialization in 9 ms
2020-03-27 09:13:50 - Opened connection [connectionId{localValue:2, serverValue:4128}] to localhost:27017
2020-03-27 09:14:00 - Creation of SecureRandom instance for session ID generation using [SHA1PRNG] took [601] milliseconds.
2020-03-27 09:25:28 - Starting TaskListApplication on WIN-0O95Q71LTV2 with PID 10384 (C:\Users\user\Desktop\task-list\target\classes started by user in C:\Users\user\Desktop\task-list)
2020-03-27 09:25:28 - No active profile set, falling back to default profiles: default
2020-03-27 09:25:29 - Bootstrapping Spring Data MongoDB repositories in DEFAULT mode.
2020-03-27 09:25:29 - Finished Spring Data repository scanning in 124ms. Found 1 MongoDB repository interfaces.
2020-03-27 09:25:30 - Tomcat initialized with port(s): 8081 (http)
2020-03-27 09:25:30 - Starting service [Tomcat]
2020-03-27 09:25:30 - Starting Servlet engine: [Apache Tomcat/9.0.31]
2020-03-27 09:25:30 - Initializing Spring embedded WebApplicationContext
2020-03-27 09:25:30 - Root WebApplicationContext: initialization completed in 1707 ms
2020-03-27 09:25:30 - Cluster created with settings {hosts=[localhost:27017], mode=MULTIPLE, requiredClusterType=UNKNOWN, serverSelectionTimeout='30000 ms', maxWaitQueueSize=500}
2020-03-27 09:25:30 - Adding discovered server localhost:27017 to client view of cluster
2020-03-27 09:25:31 - Opened connection [connectionId{localValue:1, serverValue:4152}] to localhost:27017
2020-03-27 09:25:31 - Monitor thread successfully connected to server with description ServerDescription{address=localhost:27017, type=STANDALONE, state=CONNECTED, ok=true, version=ServerVersion{versionList=[4, 2, 3]}, minWireVersion=0, maxWireVersion=8, maxDocumentSize=16777216, logicalSessionTimeoutMinutes=30, roundTripTimeNanos=3097100}
2020-03-27 09:25:31 - Discovered cluster type of STANDALONE
2020-03-27 09:25:31 - Initializing ExecutorService 'applicationTaskExecutor'
2020-03-27 09:25:31 - Creating filter chain: any request, [org.springframework.security.web.context.request.async.WebAsyncManagerIntegrationFilter@11eec06b, org.springframework.security.web.context.SecurityContextPersistenceFilter@3a6e9856, org.springframework.security.web.header.HeaderWriterFilter@99a8de3, org.springframework.security.web.authentication.logout.LogoutFilter@30508066, org.springframework.security.web.authentication.UsernamePasswordAuthenticationFilter@39f0c343, org.springframework.security.web.savedrequest.RequestCacheAwareFilter@56fda064, org.springframework.security.web.servletapi.SecurityContextHolderAwareRequestFilter@447521e, org.springframework.security.web.authentication.AnonymousAuthenticationFilter@65600fb3, org.springframework.security.web.session.SessionManagementFilter@54495935, org.springframework.security.web.access.ExceptionTranslationFilter@1eb85a47, org.springframework.security.web.access.intercept.FilterSecurityInterceptor@56cfe6be]
2020-03-27 09:25:32 - Tomcat started on port(s): 8081 (http) with context path ''
2020-03-27 09:25:32 - Started TaskListApplication in 3.707 seconds (JVM running for 5.318)
2020-03-27 09:25:52 - Initializing Spring DispatcherServlet 'dispatcherServlet'
2020-03-27 09:25:52 - Initializing Servlet 'dispatcherServlet'
2020-03-27 09:25:52 - Completed initialization in 12 ms
2020-03-27 09:25:52 - Opened connection [connectionId{localValue:2, serverValue:4154}] to localhost:27017
2020-03-27 09:26:03 - Creation of SecureRandom instance for session ID generation using [SHA1PRNG] took [604] milliseconds.
2020-03-27 09:33:06 - Starting TaskListApplication on WIN-0O95Q71LTV2 with PID 15764 (C:\Users\user\Desktop\task-list\target\classes started by user in C:\Users\user\Desktop\task-list)
2020-03-27 09:33:06 - No active profile set, falling back to default profiles: default
2020-03-27 09:33:07 - Bootstrapping Spring Data MongoDB repositories in DEFAULT mode.
2020-03-27 09:33:07 - Finished Spring Data repository scanning in 16ms. Found 0 MongoDB repository interfaces.
2020-03-27 09:33:08 - Tomcat initialized with port(s): 8081 (http)
2020-03-27 09:33:08 - Starting service [Tomcat]
2020-03-27 09:33:08 - Starting Servlet engine: [Apache Tomcat/9.0.31]
2020-03-27 09:33:08 - Initializing Spring embedded WebApplicationContext
2020-03-27 09:33:08 - Root WebApplicationContext: initialization completed in 1564 ms
2020-03-27 09:33:08 - Initializing ExecutorService 'applicationTaskExecutor'
2020-03-27 09:33:09 - Cluster created with settings {hosts=[localhost:27017], mode=MULTIPLE, requiredClusterType=UNKNOWN, serverSelectionTimeout='30000 ms', maxWaitQueueSize=500}
2020-03-27 09:33:09 - Adding discovered server localhost:27017 to client view of cluster
2020-03-27 09:33:09 - Opened connection [connectionId{localValue:1, serverValue:4169}] to localhost:27017
2020-03-27 09:33:09 - Monitor thread successfully connected to server with description ServerDescription{address=localhost:27017, type=STANDALONE, state=CONNECTED, ok=true, version=ServerVersion{versionList=[4, 2, 3]}, minWireVersion=0, maxWireVersion=8, maxDocumentSize=16777216, logicalSessionTimeoutMinutes=30, roundTripTimeNanos=3601100}
2020-03-27 09:33:09 - Discovered cluster type of STANDALONE
2020-03-27 09:33:09 - 

Using generated security password: ed762347-c7ac-4fd5-b25b-dfc009a423ca

2020-03-27 09:33:09 - Creating filter chain: any request, [org.springframework.security.web.context.request.async.WebAsyncManagerIntegrationFilter@6cc64028, org.springframework.security.web.context.SecurityContextPersistenceFilter@39e53bef, org.springframework.security.web.header.HeaderWriterFilter@18e4674d, org.springframework.security.web.csrf.CsrfFilter@13cc0b90, org.springframework.security.web.authentication.logout.LogoutFilter@58a765ce, org.springframework.security.web.authentication.UsernamePasswordAuthenticationFilter@3db65c0d, org.springframework.security.web.authentication.ui.DefaultLoginPageGeneratingFilter@580902cd, org.springframework.security.web.authentication.ui.DefaultLogoutPageGeneratingFilter@291a4791, org.springframework.security.web.authentication.www.BasicAuthenticationFilter@1d289d3f, org.springframework.security.web.savedrequest.RequestCacheAwareFilter@4ed18798, org.springframework.security.web.servletapi.SecurityContextHolderAwareRequestFilter@5ec6fede, org.springframework.security.web.authentication.AnonymousAuthenticationFilter@5b1e88f, org.springframework.security.web.session.SessionManagementFilter@6af609ea, org.springframework.security.web.access.ExceptionTranslationFilter@77524ca7, org.springframework.security.web.access.intercept.FilterSecurityInterceptor@76c86567]
2020-03-27 09:33:09 - Tomcat started on port(s): 8081 (http) with context path ''
2020-03-27 09:33:09 - Started TaskListApplication in 3.411 seconds (JVM running for 5.049)
2020-03-27 09:39:48 - Starting TaskListApplication on WIN-0O95Q71LTV2 with PID 17112 (C:\Users\user\Desktop\task-list\target\classes started by user in C:\Users\user\Desktop\task-list)
2020-03-27 09:39:48 - No active profile set, falling back to default profiles: default
2020-03-27 09:39:49 - Bootstrapping Spring Data MongoDB repositories in DEFAULT mode.
2020-03-27 09:39:49 - Finished Spring Data repository scanning in 146ms. Found 1 MongoDB repository interfaces.
2020-03-27 09:39:50 - Tomcat initialized with port(s): 8081 (http)
2020-03-27 09:39:50 - Starting service [Tomcat]
2020-03-27 09:39:50 - Starting Servlet engine: [Apache Tomcat/9.0.31]
2020-03-27 09:39:50 - Initializing Spring embedded WebApplicationContext
2020-03-27 09:39:50 - Root WebApplicationContext: initialization completed in 1660 ms
2020-03-27 09:39:50 - Cluster created with settings {hosts=[localhost:27017], mode=MULTIPLE, requiredClusterType=UNKNOWN, serverSelectionTimeout='30000 ms', maxWaitQueueSize=500}
2020-03-27 09:39:50 - Adding discovered server localhost:27017 to client view of cluster
2020-03-27 09:39:50 - Opened connection [connectionId{localValue:1, serverValue:4183}] to localhost:27017
2020-03-27 09:39:50 - Monitor thread successfully connected to server with description ServerDescription{address=localhost:27017, type=STANDALONE, state=CONNECTED, ok=true, version=ServerVersion{versionList=[4, 2, 3]}, minWireVersion=0, maxWireVersion=8, maxDocumentSize=16777216, logicalSessionTimeoutMinutes=30, roundTripTimeNanos=4362900}
2020-03-27 09:39:50 - Discovered cluster type of STANDALONE
2020-03-27 09:39:51 - Initializing ExecutorService 'applicationTaskExecutor'
2020-03-27 09:39:51 - Creating filter chain: any request, [org.springframework.security.web.context.request.async.WebAsyncManagerIntegrationFilter@20bb85b4, org.springframework.security.web.context.SecurityContextPersistenceFilter@6cc48a17, org.springframework.security.web.header.HeaderWriterFilter@20cff21e, org.springframework.security.web.authentication.logout.LogoutFilter@597d48ca, org.springframework.security.web.authentication.UsernamePasswordAuthenticationFilter@5b066c33, org.springframework.security.web.savedrequest.RequestCacheAwareFilter@7f22687e, org.springframework.security.web.servletapi.SecurityContextHolderAwareRequestFilter@27e44e9c, org.springframework.security.web.authentication.AnonymousAuthenticationFilter@79add732, org.springframework.security.web.session.SessionManagementFilter@27ab206, org.springframework.security.web.access.ExceptionTranslationFilter@458031da, org.springframework.security.web.access.intercept.FilterSecurityInterceptor@7ec3a8bd]
2020-03-27 09:39:51 - Tomcat started on port(s): 8081 (http) with context path ''
2020-03-27 09:39:51 - Started TaskListApplication in 3.638 seconds (JVM running for 5.172)
2020-03-27 09:45:01 - Initializing Spring DispatcherServlet 'dispatcherServlet'
2020-03-27 09:45:01 - Initializing Servlet 'dispatcherServlet'
2020-03-27 09:45:01 - Completed initialization in 11 ms
2020-03-27 09:45:02 - Creation of SecureRandom instance for session ID generation using [SHA1PRNG] took [608] milliseconds.
2020-03-27 09:45:13 - Opened connection [connectionId{localValue:2, serverValue:4195}] to localhost:27017
2020-03-27 09:53:21 - Starting TaskListApplication on WIN-0O95Q71LTV2 with PID 6904 (C:\Users\user\Desktop\task-list\target\classes started by user in C:\Users\user\Desktop\task-list)
2020-03-27 09:53:21 - No active profile set, falling back to default profiles: default
2020-03-27 09:53:22 - Bootstrapping Spring Data MongoDB repositories in DEFAULT mode.
2020-03-27 09:53:22 - Finished Spring Data repository scanning in 63ms. Found 1 MongoDB repository interfaces.
2020-03-27 09:53:23 - Tomcat initialized with port(s): 8081 (http)
2020-03-27 09:53:23 - Starting service [Tomcat]
2020-03-27 09:53:23 - Starting Servlet engine: [Apache Tomcat/9.0.31]
2020-03-27 09:53:23 - Initializing Spring embedded WebApplicationContext
2020-03-27 09:53:23 - Root WebApplicationContext: initialization completed in 1433 ms
2020-03-27 09:53:23 - Cluster created with settings {hosts=[localhost:27017], mode=MULTIPLE, requiredClusterType=UNKNOWN, serverSelectionTimeout='30000 ms', maxWaitQueueSize=500}
2020-03-27 09:53:23 - Adding discovered server localhost:27017 to client view of cluster
2020-03-27 09:53:23 - Opened connection [connectionId{localValue:1, serverValue:4224}] to localhost:27017
2020-03-27 09:53:23 - Monitor thread successfully connected to server with description ServerDescription{address=localhost:27017, type=STANDALONE, state=CONNECTED, ok=true, version=ServerVersion{versionList=[4, 2, 3]}, minWireVersion=0, maxWireVersion=8, maxDocumentSize=16777216, logicalSessionTimeoutMinutes=30, roundTripTimeNanos=3883800}
2020-03-27 09:53:23 - Discovered cluster type of STANDALONE
2020-03-27 09:53:24 - Initializing ExecutorService 'applicationTaskExecutor'
2020-03-27 09:53:24 - Creating filter chain: any request, [org.springframework.security.web.context.request.async.WebAsyncManagerIntegrationFilter@51f68849, org.springframework.security.web.context.SecurityContextPersistenceFilter@3869a6e5, org.springframework.security.web.header.HeaderWriterFilter@1de13f34, org.springframework.security.web.authentication.logout.LogoutFilter@ca7e37f, org.springframework.security.web.authentication.UsernamePasswordAuthenticationFilter@1693ff90, org.springframework.security.web.savedrequest.RequestCacheAwareFilter@7d484fcd, org.springframework.security.web.servletapi.SecurityContextHolderAwareRequestFilter@241b971f, org.springframework.security.web.authentication.AnonymousAuthenticationFilter@4eb9ae4d, org.springframework.security.web.session.SessionManagementFilter@6562cc23, org.springframework.security.web.access.ExceptionTranslationFilter@3f048c86, org.springframework.security.web.access.intercept.FilterSecurityInterceptor@743d0d44]
2020-03-27 09:53:24 - Tomcat started on port(s): 8081 (http) with context path ''
2020-03-27 09:53:24 - Started TaskListApplication in 3.396 seconds (JVM running for 4.931)
2020-03-27 09:53:29 - Initializing Spring DispatcherServlet 'dispatcherServlet'
2020-03-27 09:53:29 - Initializing Servlet 'dispatcherServlet'
2020-03-27 09:53:29 - Completed initialization in 11 ms
2020-03-27 09:53:30 - Opened connection [connectionId{localValue:2, serverValue:4225}] to localhost:27017
2020-03-27 09:53:39 - Creation of SecureRandom instance for session ID generation using [SHA1PRNG] took [653] milliseconds.
2020-03-27 09:55:15 - Starting TaskListApplication on WIN-0O95Q71LTV2 with PID 6688 (C:\Users\user\Desktop\task-list\target\classes started by user in C:\Users\user\Desktop\task-list)
2020-03-27 09:55:15 - No active profile set, falling back to default profiles: default
2020-03-27 09:55:17 - Bootstrapping Spring Data MongoDB repositories in DEFAULT mode.
2020-03-27 09:55:17 - Finished Spring Data repository scanning in 122ms. Found 1 MongoDB repository interfaces.
2020-03-27 09:55:18 - Tomcat initialized with port(s): 8081 (http)
2020-03-27 09:55:18 - Starting service [Tomcat]
2020-03-27 09:55:18 - Starting Servlet engine: [Apache Tomcat/9.0.31]
2020-03-27 09:55:18 - Initializing Spring embedded WebApplicationContext
2020-03-27 09:55:18 - Root WebApplicationContext: initialization completed in 2749 ms
2020-03-27 09:55:19 - Cluster created with settings {hosts=[localhost:27017], mode=MULTIPLE, requiredClusterType=UNKNOWN, serverSelectionTimeout='30000 ms', maxWaitQueueSize=500}
2020-03-27 09:55:19 - Adding discovered server localhost:27017 to client view of cluster
2020-03-27 09:55:19 - Opened connection [connectionId{localValue:1, serverValue:4230}] to localhost:27017
2020-03-27 09:55:19 - Monitor thread successfully connected to server with description ServerDescription{address=localhost:27017, type=STANDALONE, state=CONNECTED, ok=true, version=ServerVersion{versionList=[4, 2, 3]}, minWireVersion=0, maxWireVersion=8, maxDocumentSize=16777216, logicalSessionTimeoutMinutes=30, roundTripTimeNanos=4532900}
2020-03-27 09:55:19 - Discovered cluster type of STANDALONE
2020-03-27 09:55:19 - Initializing ExecutorService 'applicationTaskExecutor'
2020-03-27 09:55:20 - Creating filter chain: any request, [org.springframework.security.web.context.request.async.WebAsyncManagerIntegrationFilter@31881aa2, org.springframework.security.web.context.SecurityContextPersistenceFilter@35563e4c, org.springframework.security.web.header.HeaderWriterFilter@53125718, org.springframework.security.web.authentication.logout.LogoutFilter@56a05324, org.springframework.security.web.authentication.UsernamePasswordAuthenticationFilter@2b0454d2, org.springframework.security.web.savedrequest.RequestCacheAwareFilter@ef86c72, org.springframework.security.web.servletapi.SecurityContextHolderAwareRequestFilter@4eb9ae4d, org.springframework.security.web.authentication.AnonymousAuthenticationFilter@1b46392c, org.springframework.security.web.session.SessionManagementFilter@7af327e3, org.springframework.security.web.access.ExceptionTranslationFilter@16f7f59f, org.springframework.security.web.access.intercept.FilterSecurityInterceptor@3404e5c4]
2020-03-27 09:55:20 - Tomcat started on port(s): 8081 (http) with context path ''
2020-03-27 09:55:20 - Started TaskListApplication in 5.946 seconds (JVM running for 10.43)
2020-03-27 09:55:35 - Initializing Spring DispatcherServlet 'dispatcherServlet'
2020-03-27 09:55:35 - Initializing Servlet 'dispatcherServlet'
2020-03-27 09:55:35 - Completed initialization in 11 ms
2020-03-27 09:55:35 - Opened connection [connectionId{localValue:2, serverValue:4231}] to localhost:27017
2020-03-27 09:55:36 - Creation of SecureRandom instance for session ID generation using [SHA1PRNG] took [837] milliseconds.
2020-03-27 10:12:20 - Starting TaskListApplication on WIN-0O95Q71LTV2 with PID 2680 (C:\Users\user\Desktop\task-list\target\classes started by user in C:\Users\user\Desktop\task-list)
2020-03-27 10:12:20 - No active profile set, falling back to default profiles: default
2020-03-27 10:12:21 - Bootstrapping Spring Data MongoDB repositories in DEFAULT mode.
2020-03-27 10:12:21 - Finished Spring Data repository scanning in 86ms. Found 1 MongoDB repository interfaces.
2020-03-27 10:12:22 - Tomcat initialized with port(s): 8081 (http)
2020-03-27 10:12:22 - Starting service [Tomcat]
2020-03-27 10:12:22 - Starting Servlet engine: [Apache Tomcat/9.0.31]
2020-03-27 10:12:22 - Initializing Spring embedded WebApplicationContext
2020-03-27 10:12:22 - Root WebApplicationContext: initialization completed in 1840 ms
2020-03-27 10:12:22 - Cluster created with settings {hosts=[localhost:27017], mode=MULTIPLE, requiredClusterType=UNKNOWN, serverSelectionTimeout='30000 ms', maxWaitQueueSize=500}
2020-03-27 10:12:22 - Adding discovered server localhost:27017 to client view of cluster
2020-03-27 10:12:22 - Opened connection [connectionId{localValue:1, serverValue:4269}] to localhost:27017
2020-03-27 10:12:22 - Monitor thread successfully connected to server with description ServerDescription{address=localhost:27017, type=STANDALONE, state=CONNECTED, ok=true, version=ServerVersion{versionList=[4, 2, 3]}, minWireVersion=0, maxWireVersion=8, maxDocumentSize=16777216, logicalSessionTimeoutMinutes=30, roundTripTimeNanos=3597000}
2020-03-27 10:12:22 - Discovered cluster type of STANDALONE
2020-03-27 10:12:23 - Initializing ExecutorService 'applicationTaskExecutor'
2020-03-27 10:12:23 - Creating filter chain: any request, [org.springframework.security.web.context.request.async.WebAsyncManagerIntegrationFilter@56cfe6be, org.springframework.security.web.context.SecurityContextPersistenceFilter@11c581a0, org.springframework.security.web.header.HeaderWriterFilter@2aee0704, org.springframework.security.web.authentication.logout.LogoutFilter@27ab206, org.springframework.security.web.authentication.UsernamePasswordAuthenticationFilter@4f811029, org.springframework.security.web.savedrequest.RequestCacheAwareFilter@935493d, org.springframework.security.web.servletapi.SecurityContextHolderAwareRequestFilter@3a6e9856, org.springframework.security.web.authentication.AnonymousAuthenticationFilter@7f0d8eff, org.springframework.security.web.session.SessionManagementFilter@4f3c7808, org.springframework.security.web.access.ExceptionTranslationFilter@c9b5a99, org.springframework.security.web.access.intercept.FilterSecurityInterceptor@76a9a009]
2020-03-27 10:12:23 - Tomcat started on port(s): 8081 (http) with context path ''
2020-03-27 10:12:23 - Started TaskListApplication in 3.835 seconds (JVM running for 5.418)
2020-03-27 10:13:05 - Starting TaskListApplication on WIN-0O95Q71LTV2 with PID 14408 (C:\Users\user\Desktop\task-list\target\classes started by user in C:\Users\user\Desktop\task-list)
2020-03-27 10:13:05 - No active profile set, falling back to default profiles: default
2020-03-27 10:13:06 - Bootstrapping Spring Data MongoDB repositories in DEFAULT mode.
2020-03-27 10:13:07 - Finished Spring Data repository scanning in 115ms. Found 1 MongoDB repository interfaces.
2020-03-27 10:13:07 - Tomcat initialized with port(s): 8081 (http)
2020-03-27 10:13:07 - Starting service [Tomcat]
2020-03-27 10:13:07 - Starting Servlet engine: [Apache Tomcat/9.0.31]
2020-03-27 10:13:08 - Initializing Spring embedded WebApplicationContext
2020-03-27 10:13:08 - Root WebApplicationContext: initialization completed in 2184 ms
2020-03-27 10:13:08 - Cluster created with settings {hosts=[localhost:27017], mode=MULTIPLE, requiredClusterType=UNKNOWN, serverSelectionTimeout='30000 ms', maxWaitQueueSize=500}
2020-03-27 10:13:08 - Adding discovered server localhost:27017 to client view of cluster
2020-03-27 10:13:08 - Opened connection [connectionId{localValue:1, serverValue:4272}] to localhost:27017
2020-03-27 10:13:08 - Monitor thread successfully connected to server with description ServerDescription{address=localhost:27017, type=STANDALONE, state=CONNECTED, ok=true, version=ServerVersion{versionList=[4, 2, 3]}, minWireVersion=0, maxWireVersion=8, maxDocumentSize=16777216, logicalSessionTimeoutMinutes=30, roundTripTimeNanos=4180000}
2020-03-27 10:13:08 - Discovered cluster type of STANDALONE
2020-03-27 10:13:09 - Initializing ExecutorService 'applicationTaskExecutor'
2020-03-27 10:13:10 - Creating filter chain: any request, [org.springframework.security.web.context.request.async.WebAsyncManagerIntegrationFilter@4ee8051c, org.springframework.security.web.context.SecurityContextPersistenceFilter@6238d5e0, org.springframework.security.web.header.HeaderWriterFilter@58a7dc4, org.springframework.security.web.authentication.logout.LogoutFilter@6b42e36d, org.springframework.security.web.authentication.UsernamePasswordAuthenticationFilter@57ce2898, org.springframework.security.web.savedrequest.RequestCacheAwareFilter@2c8b8de0, org.springframework.security.web.servletapi.SecurityContextHolderAwareRequestFilter@1de13f34, org.springframework.security.web.authentication.AnonymousAuthenticationFilter@53125718, org.springframework.security.web.session.SessionManagementFilter@27f71195, org.springframework.security.web.access.ExceptionTranslationFilter@5122e4bf, org.springframework.security.web.access.intercept.FilterSecurityInterceptor@1c7f9861]
2020-03-27 10:13:10 - Tomcat started on port(s): 8081 (http) with context path ''
2020-03-27 10:13:10 - Started TaskListApplication in 4.918 seconds (JVM running for 6.494)
2020-03-27 10:17:43 - Starting TaskListApplication on WIN-0O95Q71LTV2 with PID 15040 (C:\Users\user\Desktop\task-list\target\classes started by user in C:\Users\user\Desktop\task-list)
2020-03-27 10:17:43 - No active profile set, falling back to default profiles: default
2020-03-27 10:17:44 - Bootstrapping Spring Data MongoDB repositories in DEFAULT mode.
2020-03-27 10:17:44 - Finished Spring Data repository scanning in 149ms. Found 1 MongoDB repository interfaces.
2020-03-27 10:17:45 - Tomcat initialized with port(s): 8081 (http)
2020-03-27 10:17:45 - Starting service [Tomcat]
2020-03-27 10:17:45 - Starting Servlet engine: [Apache Tomcat/9.0.31]
2020-03-27 10:17:45 - Initializing Spring embedded WebApplicationContext
2020-03-27 10:17:45 - Root WebApplicationContext: initialization completed in 2192 ms
2020-03-27 10:17:46 - Cluster created with settings {hosts=[localhost:27017], mode=MULTIPLE, requiredClusterType=UNKNOWN, serverSelectionTimeout='30000 ms', maxWaitQueueSize=500}
2020-03-27 10:17:46 - Adding discovered server localhost:27017 to client view of cluster
2020-03-27 10:17:46 - Opened connection [connectionId{localValue:1, serverValue:4282}] to localhost:27017
2020-03-27 10:17:46 - Monitor thread successfully connected to server with description ServerDescription{address=localhost:27017, type=STANDALONE, state=CONNECTED, ok=true, version=ServerVersion{versionList=[4, 2, 3]}, minWireVersion=0, maxWireVersion=8, maxDocumentSize=16777216, logicalSessionTimeoutMinutes=30, roundTripTimeNanos=4361900}
2020-03-27 10:17:46 - Discovered cluster type of STANDALONE
2020-03-27 10:17:46 - Initializing ExecutorService 'applicationTaskExecutor'
2020-03-27 10:17:47 - Creating filter chain: any request, [org.springframework.security.web.context.request.async.WebAsyncManagerIntegrationFilter@3686389, org.springframework.security.web.context.SecurityContextPersistenceFilter@2475fba3, org.springframework.security.web.header.HeaderWriterFilter@18d30e7, org.springframework.security.web.authentication.logout.LogoutFilter@1b3bec6c, org.springframework.security.web.authentication.UsernamePasswordAuthenticationFilter@7e77678c, org.springframework.security.web.savedrequest.RequestCacheAwareFilter@19bf47fc, org.springframework.security.web.servletapi.SecurityContextHolderAwareRequestFilter@b3fc6d8, org.springframework.security.web.authentication.AnonymousAuthenticationFilter@71e2c6d8, org.springframework.security.web.session.SessionManagementFilter@72b40f87, org.springframework.security.web.access.ExceptionTranslationFilter@600bbf9e, org.springframework.security.web.access.intercept.FilterSecurityInterceptor@738a815c]
2020-03-27 10:17:47 - Tomcat started on port(s): 8081 (http) with context path ''
2020-03-27 10:17:47 - Started TaskListApplication in 4.669 seconds (JVM running for 6.892)
2020-03-27 10:20:00 - Initializing Spring DispatcherServlet 'dispatcherServlet'
2020-03-27 10:20:00 - Initializing Servlet 'dispatcherServlet'
2020-03-27 10:20:01 - Completed initialization in 12 ms
2020-03-27 10:20:01 - Opened connection [connectionId{localValue:2, serverValue:4287}] to localhost:27017
2020-03-27 10:20:02 - Creation of SecureRandom instance for session ID generation using [SHA1PRNG] took [451] milliseconds.
2020-03-27 10:26:59 - Shutting down ExecutorService 'applicationTaskExecutor'
2020-03-27 10:26:59 - Closed connection [connectionId{localValue:2, serverValue:4287}] to localhost:27017 because the pool has been closed.
2020-03-27 10:39:20 - Starting TaskListApplication on WIN-0O95Q71LTV2 with PID 10992 (C:\Users\user\Desktop\task-list\target\classes started by user in C:\Users\user\Desktop\task-list)
2020-03-27 10:39:20 - No active profile set, falling back to default profiles: default
2020-03-27 10:39:21 - Bootstrapping Spring Data MongoDB repositories in DEFAULT mode.
2020-03-27 10:39:21 - Finished Spring Data repository scanning in 136ms. Found 1 MongoDB repository interfaces.
2020-03-27 10:39:21 - Tomcat initialized with port(s): 8081 (http)
2020-03-27 10:39:22 - Starting service [Tomcat]
2020-03-27 10:39:22 - Starting Servlet engine: [Apache Tomcat/9.0.31]
2020-03-27 10:39:22 - Initializing Spring embedded WebApplicationContext
2020-03-27 10:39:22 - Root WebApplicationContext: initialization completed in 1649 ms
2020-03-27 10:39:22 - Cluster created with settings {hosts=[localhost:27017], mode=MULTIPLE, requiredClusterType=UNKNOWN, serverSelectionTimeout='30000 ms', maxWaitQueueSize=500}
2020-03-27 10:39:22 - Adding discovered server localhost:27017 to client view of cluster
2020-03-27 10:39:22 - Opened connection [connectionId{localValue:1, serverValue:4326}] to localhost:27017
2020-03-27 10:39:22 - Monitor thread successfully connected to server with description ServerDescription{address=localhost:27017, type=STANDALONE, state=CONNECTED, ok=true, version=ServerVersion{versionList=[4, 2, 3]}, minWireVersion=0, maxWireVersion=8, maxDocumentSize=16777216, logicalSessionTimeoutMinutes=30, roundTripTimeNanos=2885700}
2020-03-27 10:39:22 - Discovered cluster type of STANDALONE
2020-03-27 10:39:23 - Initializing ExecutorService 'applicationTaskExecutor'
2020-03-27 10:39:23 - Creating filter chain: any request, [org.springframework.security.web.context.request.async.WebAsyncManagerIntegrationFilter@3bbb8c16, org.springframework.security.web.context.SecurityContextPersistenceFilter@54495935, org.springframework.security.web.header.HeaderWriterFilter@1eb85a47, org.springframework.security.web.authentication.logout.LogoutFilter@33e3bd2e, org.springframework.security.web.authentication.UsernamePasswordAuthenticationFilter@3ca3648, org.springframework.security.web.savedrequest.RequestCacheAwareFilter@3a6e9856, org.springframework.security.web.servletapi.SecurityContextHolderAwareRequestFilter@6f3bd37f, org.springframework.security.web.authentication.AnonymousAuthenticationFilter@73e1ecd0, org.springframework.security.web.session.SessionManagementFilter@99a8de3, org.springframework.security.web.access.ExceptionTranslationFilter@34c62fdf, org.springframework.security.web.access.intercept.FilterSecurityInterceptor@342beaf6]
2020-03-27 10:39:23 - Tomcat started on port(s): 8081 (http) with context path ''
2020-03-27 10:39:23 - Started TaskListApplication in 3.524 seconds (JVM running for 5.166)
2020-03-27 10:40:08 - Initializing Spring DispatcherServlet 'dispatcherServlet'
2020-03-27 10:40:08 - Initializing Servlet 'dispatcherServlet'
2020-03-27 10:40:08 - Completed initialization in 14 ms
2020-03-27 10:40:13 - Opened connection [connectionId{localValue:2, serverValue:4329}] to localhost:27017
2020-03-27 10:40:30 - Creation of SecureRandom instance for session ID generation using [SHA1PRNG] took [547] milliseconds.
2020-03-27 10:42:44 - Starting TaskListApplication on WIN-0O95Q71LTV2 with PID 13404 (C:\Users\user\Desktop\task-list\target\classes started by user in C:\Users\user\Desktop\task-list)
2020-03-27 10:42:44 - No active profile set, falling back to default profiles: default
2020-03-27 10:42:45 - Bootstrapping Spring Data MongoDB repositories in DEFAULT mode.
2020-03-27 10:42:45 - Finished Spring Data repository scanning in 106ms. Found 1 MongoDB repository interfaces.
2020-03-27 10:42:46 - Tomcat initialized with port(s): 8081 (http)
2020-03-27 10:42:46 - Starting service [Tomcat]
2020-03-27 10:42:46 - Starting Servlet engine: [Apache Tomcat/9.0.31]
2020-03-27 10:42:46 - Initializing Spring embedded WebApplicationContext
2020-03-27 10:42:46 - Root WebApplicationContext: initialization completed in 1746 ms
2020-03-27 10:42:46 - Cluster created with settings {hosts=[localhost:27017], mode=MULTIPLE, requiredClusterType=UNKNOWN, serverSelectionTimeout='30000 ms', maxWaitQueueSize=500}
2020-03-27 10:42:46 - Adding discovered server localhost:27017 to client view of cluster
2020-03-27 10:42:46 - Opened connection [connectionId{localValue:1, serverValue:4335}] to localhost:27017
2020-03-27 10:42:46 - Monitor thread successfully connected to server with description ServerDescription{address=localhost:27017, type=STANDALONE, state=CONNECTED, ok=true, version=ServerVersion{versionList=[4, 2, 3]}, minWireVersion=0, maxWireVersion=8, maxDocumentSize=16777216, logicalSessionTimeoutMinutes=30, roundTripTimeNanos=2864300}
2020-03-27 10:42:46 - Discovered cluster type of STANDALONE
2020-03-27 10:42:47 - Initializing ExecutorService 'applicationTaskExecutor'
2020-03-27 10:42:47 - Creating filter chain: any request, [org.springframework.security.web.context.request.async.WebAsyncManagerIntegrationFilter@9408857, org.springframework.security.web.context.SecurityContextPersistenceFilter@629075f4, org.springframework.security.web.header.HeaderWriterFilter@46bb0bdf, org.springframework.security.web.authentication.logout.LogoutFilter@79ca7bea, org.springframework.security.web.authentication.UsernamePasswordAuthenticationFilter@22a4ca4a, org.springframework.security.web.savedrequest.RequestCacheAwareFilter@723742b2, org.springframework.security.web.servletapi.SecurityContextHolderAwareRequestFilter@624b3544, org.springframework.security.web.authentication.AnonymousAuthenticationFilter@27e44e9c, org.springframework.security.web.session.SessionManagementFilter@1c84d80a, org.springframework.security.web.access.ExceptionTranslationFilter@5763a655, org.springframework.security.web.access.intercept.FilterSecurityInterceptor@3344d163]
2020-03-27 10:42:47 - Tomcat started on port(s): 8081 (http) with context path ''
2020-03-27 10:42:47 - Started TaskListApplication in 3.654 seconds (JVM running for 5.095)
2020-03-27 10:43:17 - Initializing Spring DispatcherServlet 'dispatcherServlet'
2020-03-27 10:43:17 - Initializing Servlet 'dispatcherServlet'
2020-03-27 10:43:17 - Completed initialization in 12 ms
2020-03-27 10:43:29 - Opened connection [connectionId{localValue:2, serverValue:4337}] to localhost:27017
2020-03-27 10:43:44 - Creation of SecureRandom instance for session ID generation using [SHA1PRNG] took [585] milliseconds.
2020-03-27 10:46:52 - Starting TaskListApplication on WIN-0O95Q71LTV2 with PID 2788 (C:\Users\user\Desktop\task-list\target\classes started by user in C:\Users\user\Desktop\task-list)
2020-03-27 10:46:52 - No active profile set, falling back to default profiles: default
2020-03-27 10:46:53 - Bootstrapping Spring Data MongoDB repositories in DEFAULT mode.
2020-03-27 10:46:53 - Finished Spring Data repository scanning in 142ms. Found 1 MongoDB repository interfaces.
2020-03-27 10:46:54 - Tomcat initialized with port(s): 8081 (http)
2020-03-27 10:46:54 - Starting service [Tomcat]
2020-03-27 10:46:54 - Starting Servlet engine: [Apache Tomcat/9.0.31]
2020-03-27 10:46:54 - Initializing Spring embedded WebApplicationContext
2020-03-27 10:46:54 - Root WebApplicationContext: initialization completed in 1712 ms
2020-03-27 10:46:54 - Cluster created with settings {hosts=[localhost:27017], mode=MULTIPLE, requiredClusterType=UNKNOWN, serverSelectionTimeout='30000 ms', maxWaitQueueSize=500}
2020-03-27 10:46:54 - Adding discovered server localhost:27017 to client view of cluster
2020-03-27 10:46:54 - Opened connection [connectionId{localValue:1, serverValue:4345}] to localhost:27017
2020-03-27 10:46:54 - Monitor thread successfully connected to server with description ServerDescription{address=localhost:27017, type=STANDALONE, state=CONNECTED, ok=true, version=ServerVersion{versionList=[4, 2, 3]}, minWireVersion=0, maxWireVersion=8, maxDocumentSize=16777216, logicalSessionTimeoutMinutes=30, roundTripTimeNanos=3665600}
2020-03-27 10:46:54 - Discovered cluster type of STANDALONE
2020-03-27 10:46:55 - Initializing ExecutorService 'applicationTaskExecutor'
2020-03-27 10:46:55 - Creating filter chain: any request, [org.springframework.security.web.context.request.async.WebAsyncManagerIntegrationFilter@5864e8bf, org.springframework.security.web.context.SecurityContextPersistenceFilter@4d4c1ba9, org.springframework.security.web.header.HeaderWriterFilter@21274afe, org.springframework.security.web.authentication.logout.LogoutFilter@2ce524d2, org.springframework.security.web.authentication.UsernamePasswordAuthenticationFilter@77324a58, org.springframework.security.web.savedrequest.RequestCacheAwareFilter@115c946b, org.springframework.security.web.servletapi.SecurityContextHolderAwareRequestFilter@58a7dc4, org.springframework.security.web.authentication.AnonymousAuthenticationFilter@37ca3ca8, org.springframework.security.web.session.SessionManagementFilter@61da0413, org.springframework.security.web.access.ExceptionTranslationFilter@5e193ef5, org.springframework.security.web.access.intercept.FilterSecurityInterceptor@4409cae6]
2020-03-27 10:46:55 - Tomcat started on port(s): 8081 (http) with context path ''
2020-03-27 10:46:55 - Started TaskListApplication in 3.709 seconds (JVM running for 5.264)
2020-03-27 10:48:26 - Initializing Spring DispatcherServlet 'dispatcherServlet'
2020-03-27 10:48:26 - Initializing Servlet 'dispatcherServlet'
2020-03-27 10:48:26 - Completed initialization in 12 ms
2020-03-27 10:48:48 - Opened connection [connectionId{localValue:2, serverValue:4357}] to localhost:27017
2020-03-27 10:49:20 - Creation of SecureRandom instance for session ID generation using [SHA1PRNG] took [587] milliseconds.
2020-03-27 10:49:54 - Starting TaskListApplication on WIN-0O95Q71LTV2 with PID 7604 (C:\Users\user\Desktop\task-list\target\classes started by user in C:\Users\user\Desktop\task-list)
2020-03-27 10:49:54 - No active profile set, falling back to default profiles: default
2020-03-27 10:49:55 - Bootstrapping Spring Data MongoDB repositories in DEFAULT mode.
2020-03-27 10:49:55 - Finished Spring Data repository scanning in 84ms. Found 1 MongoDB repository interfaces.
2020-03-27 10:49:55 - Tomcat initialized with port(s): 8081 (http)
2020-03-27 10:49:55 - Starting service [Tomcat]
2020-03-27 10:49:55 - Starting Servlet engine: [Apache Tomcat/9.0.31]
2020-03-27 10:49:56 - Initializing Spring embedded WebApplicationContext
2020-03-27 10:49:56 - Root WebApplicationContext: initialization completed in 1673 ms
2020-03-27 10:49:56 - Cluster created with settings {hosts=[localhost:27017], mode=MULTIPLE, requiredClusterType=UNKNOWN, serverSelectionTimeout='30000 ms', maxWaitQueueSize=500}
2020-03-27 10:49:56 - Adding discovered server localhost:27017 to client view of cluster
2020-03-27 10:49:56 - Opened connection [connectionId{localValue:1, serverValue:4360}] to localhost:27017
2020-03-27 10:49:56 - Monitor thread successfully connected to server with description ServerDescription{address=localhost:27017, type=STANDALONE, state=CONNECTED, ok=true, version=ServerVersion{versionList=[4, 2, 3]}, minWireVersion=0, maxWireVersion=8, maxDocumentSize=16777216, logicalSessionTimeoutMinutes=30, roundTripTimeNanos=3308000}
2020-03-27 10:49:56 - Discovered cluster type of STANDALONE
2020-03-27 10:49:57 - Initializing ExecutorService 'applicationTaskExecutor'
2020-03-27 10:49:57 - Creating filter chain: any request, [org.springframework.security.web.context.request.async.WebAsyncManagerIntegrationFilter@7a36c83a, org.springframework.security.web.context.SecurityContextPersistenceFilter@4bc9ca97, org.springframework.security.web.header.HeaderWriterFilter@2017f6e6, org.springframework.security.web.authentication.logout.LogoutFilter@d25e878, org.springframework.security.web.authentication.UsernamePasswordAuthenticationFilter@2ab09943, org.springframework.security.web.savedrequest.RequestCacheAwareFilter@147cc940, org.springframework.security.web.servletapi.SecurityContextHolderAwareRequestFilter@336f49a1, org.springframework.security.web.authentication.AnonymousAuthenticationFilter@154b8cb6, org.springframework.security.web.session.SessionManagementFilter@79ca7bea, org.springframework.security.web.access.ExceptionTranslationFilter@5627cb29, org.springframework.security.web.access.intercept.FilterSecurityInterceptor@77324a58]
2020-03-27 10:49:57 - Tomcat started on port(s): 8081 (http) with context path ''
2020-03-27 10:49:57 - Started TaskListApplication in 3.421 seconds (JVM running for 5.0)
2020-03-27 10:50:11 - Initializing Spring DispatcherServlet 'dispatcherServlet'
2020-03-27 10:50:11 - Initializing Servlet 'dispatcherServlet'
2020-03-27 10:50:11 - Completed initialization in 10 ms
2020-03-27 10:50:15 - Opened connection [connectionId{localValue:2, serverValue:4362}] to localhost:27017
2020-03-27 10:50:16 - Creation of SecureRandom instance for session ID generation using [SHA1PRNG] took [832] milliseconds.
2020-03-27 10:51:14 - Starting TaskListApplication on WIN-0O95Q71LTV2 with PID 1712 (C:\Users\user\Desktop\task-list\target\classes started by user in C:\Users\user\Desktop\task-list)
2020-03-27 10:51:14 - No active profile set, falling back to default profiles: default
2020-03-27 10:51:15 - Bootstrapping Spring Data MongoDB repositories in DEFAULT mode.
2020-03-27 10:51:15 - Finished Spring Data repository scanning in 70ms. Found 1 MongoDB repository interfaces.
2020-03-27 10:51:15 - Tomcat initialized with port(s): 8081 (http)
2020-03-27 10:51:15 - Starting service [Tomcat]
2020-03-27 10:51:15 - Starting Servlet engine: [Apache Tomcat/9.0.31]
2020-03-27 10:51:15 - Initializing Spring embedded WebApplicationContext
2020-03-27 10:51:15 - Root WebApplicationContext: initialization completed in 1534 ms
2020-03-27 10:51:16 - Cluster created with settings {hosts=[localhost:27017], mode=MULTIPLE, requiredClusterType=UNKNOWN, serverSelectionTimeout='30000 ms', maxWaitQueueSize=500}
2020-03-27 10:51:16 - Adding discovered server localhost:27017 to client view of cluster
2020-03-27 10:51:16 - Opened connection [connectionId{localValue:1, serverValue:4365}] to localhost:27017
2020-03-27 10:51:16 - Monitor thread successfully connected to server with description ServerDescription{address=localhost:27017, type=STANDALONE, state=CONNECTED, ok=true, version=ServerVersion{versionList=[4, 2, 3]}, minWireVersion=0, maxWireVersion=8, maxDocumentSize=16777216, logicalSessionTimeoutMinutes=30, roundTripTimeNanos=3198900}
2020-03-27 10:51:16 - Discovered cluster type of STANDALONE
2020-03-27 10:51:16 - Initializing ExecutorService 'applicationTaskExecutor'
2020-03-27 10:51:17 - Creating filter chain: any request, [org.springframework.security.web.context.request.async.WebAsyncManagerIntegrationFilter@7d50f2a8, org.springframework.security.web.context.SecurityContextPersistenceFilter@5627cb29, org.springframework.security.web.header.HeaderWriterFilter@106c988, org.springframework.security.web.authentication.logout.LogoutFilter@6562cc23, org.springframework.security.web.authentication.UsernamePasswordAuthenticationFilter@597d48ca, org.springframework.security.web.savedrequest.RequestCacheAwareFilter@2017f6e6, org.springframework.security.web.servletapi.SecurityContextHolderAwareRequestFilter@23e61112, org.springframework.security.web.authentication.AnonymousAuthenticationFilter@5864e8bf, org.springframework.security.web.session.SessionManagementFilter@76a362a4, org.springframework.security.web.access.ExceptionTranslationFilter@ceb7701, org.springframework.security.web.access.intercept.FilterSecurityInterceptor@7911cc15]
2020-03-27 10:51:17 - Tomcat started on port(s): 8081 (http) with context path ''
2020-03-27 10:51:17 - Started TaskListApplication in 3.435 seconds (JVM running for 5.029)
2020-03-27 10:51:21 - Initializing Spring DispatcherServlet 'dispatcherServlet'
2020-03-27 10:51:21 - Initializing Servlet 'dispatcherServlet'
2020-03-27 10:51:21 - Completed initialization in 13 ms
2020-03-27 10:51:30 - Opened connection [connectionId{localValue:2, serverValue:4366}] to localhost:27017
2020-03-27 10:52:04 - Creation of SecureRandom instance for session ID generation using [SHA1PRNG] took [624] milliseconds.
